[0m11:05:28.376134 [debug] [MainThread]: Sending event: {'category': 'dbt', 'action': 'invocation', 'label': 'start', 'context': [<snowplow_tracker.self_describing_json.SelfDescribingJson object at 0x754c2be18770>, <snowplow_tracker.self_describing_json.SelfDescribingJson object at 0x754c2bfbcb60>, <snowplow_tracker.self_describing_json.SelfDescribingJson object at 0x754c2b8fe150>]}


============================== 11:05:28.454235 | 023c7163-f1be-4595-878f-05aff9c09f74 ==============================
[0m11:05:28.454235 [info ] [MainThread]: Running with dbt=1.10.11
[0m11:05:28.454875 [debug] [MainThread]: running dbt with arguments {'debug': 'False', 'log_cache_events': 'False', 'log_path': 'logs', 'quiet': 'False', 'send_anonymous_usage_stats': 'True', 'static_parser': 'True', 'indirect_selection': 'eager', 'fail_fast': 'False', 'log_format': 'default', 'printer_width': '80', 'introspect': 'True', 'target_path': 'None', 'use_experimental_parser': 'False', 'invocation_command': 'dbt init', 'warn_error': 'None', 'empty': 'None', 'write_json': 'True', 'cache_selected_only': 'False', 'profiles_dir': '/home/feliperibeiro/.dbt', 'warn_error_options': 'WarnErrorOptionsV2(error=[], warn=[], silence=[])', 'use_colors': 'True', 'partial_parse': 'True', 'version_check': 'True', 'no_print': 'None'}
[0m11:05:28.538043 [info ] [MainThread]: Creating dbt configuration folder at /home/feliperibeiro/.dbt
[0m11:09:03.539662 [debug] [MainThread]: Starter project path: /home/feliperibeiro/Documentos/Jornada/workshop_dbt_airflow3/1_local_setup/.venv/lib/python3.12/site-packages/dbt/include/starter_project
[0m11:09:03.545930 [info ] [MainThread]: 
Your new dbt project "jornada_felipe_dw" was created!

For more information on how to configure the profiles.yml file,
please consult the dbt documentation here:

  https://docs.getdbt.com/docs/configure-your-profile

One more thing:

Need help? Don't hesitate to reach out to us via GitHub issues or on Slack:

  https://community.getdbt.com/

Happy modeling!

[0m11:09:03.546711 [info ] [MainThread]: Setting up your profile.
[0m11:12:07.112875 [info ] [MainThread]: Profile jornada_felipe_dw written to /home/feliperibeiro/.dbt/profiles.yml using target's profile_template.yml and your supplied values. Run 'dbt debug' to validate the connection.
[0m11:12:07.114678 [debug] [MainThread]: Resource report: {"command_name": "init", "command_success": true, "command_wall_clock_time": 398.78806, "process_in_blocks": "52480", "process_kernel_time": 0.366014, "process_mem_max_rss": "124960", "process_out_blocks": "43992", "process_user_time": 4.02918}
[0m11:12:07.115787 [debug] [MainThread]: Command `dbt init` succeeded at 11:12:07.115555 after 398.79 seconds
[0m11:12:07.116748 [debug] [MainThread]: Sending event: {'category': 'dbt', 'action': 'invocation', 'label': 'end', 'context': [<snowplow_tracker.self_describing_json.SelfDescribingJson object at 0x754c2be10ec0>, <snowplow_tracker.self_describing_json.SelfDescribingJson object at 0x754c2c317cb0>, <snowplow_tracker.self_describing_json.SelfDescribingJson object at 0x754c2b8fdd60>]}
[0m11:12:07.118252 [debug] [MainThread]: Flushing usage events
[0m11:12:07.747585 [debug] [MainThread]: An error was encountered while trying to flush usage events
[0m21:47:01.242488 [debug] [MainThread]: Sending event: {'category': 'dbt', 'action': 'invocation', 'label': 'start', 'context': [<snowplow_tracker.self_describing_json.SelfDescribingJson object at 0x7611bbbd0260>, <snowplow_tracker.self_describing_json.SelfDescribingJson object at 0x7611babb2780>, <snowplow_tracker.self_describing_json.SelfDescribingJson object at 0x7611bcaa17f0>]}


============================== 21:47:01.247327 | d889adcd-0296-499d-9cd5-a40ed82bd496 ==============================
[0m21:47:01.247327 [info ] [MainThread]: Running with dbt=1.10.11
[0m21:47:01.248196 [debug] [MainThread]: running dbt with arguments {'version_check': 'True', 'quiet': 'False', 'write_json': 'True', 'introspect': 'True', 'warn_error_options': 'WarnErrorOptionsV2(error=[], warn=[], silence=[])', 'empty': 'None', 'profiles_dir': '/home/feliperibeiro/.dbt', 'use_colors': 'True', 'printer_width': '80', 'log_path': 'logs', 'debug': 'False', 'cache_selected_only': 'False', 'use_experimental_parser': 'False', 'target_path': 'None', 'static_parser': 'True', 'send_anonymous_usage_stats': 'True', 'fail_fast': 'False', 'warn_error': 'None', 'log_cache_events': 'False', 'partial_parse': 'True', 'no_print': 'None', 'indirect_selection': 'eager', 'log_format': 'default', 'invocation_command': 'dbt deps'}
[0m21:47:01.249226 [error] [MainThread]: Encountered an error:
Runtime Error
  No dbt_project.yml found at expected path /home/feliperibeiro/Documentos/Jornada/workshop_dbt_airflow3/2_data_warehouse/dbt_project.yml
  Verify that each entry within packages.yml (and their transitive dependencies) contains a file named dbt_project.yml
  
[0m21:47:01.250688 [debug] [MainThread]: Resource report: {"command_name": "deps", "command_success": false, "command_wall_clock_time": 0.07861933, "process_in_blocks": "0", "process_kernel_time": 0.157934, "process_mem_max_rss": "97876", "process_out_blocks": "16", "process_user_time": 1.701292}
[0m21:47:01.251518 [debug] [MainThread]: Command `dbt deps` failed at 21:47:01.251352 after 0.08 seconds
[0m21:47:01.252077 [debug] [MainThread]: Sending event: {'category': 'dbt', 'action': 'invocation', 'label': 'end', 'context': [<snowplow_tracker.self_describing_json.SelfDescribingJson object at 0x7611ba6d4530>, <snowplow_tracker.self_describing_json.SelfDescribingJson object at 0x7611b9db7a10>, <snowplow_tracker.self_describing_json.SelfDescribingJson object at 0x7611b9db7ce0>]}
[0m21:47:01.252723 [debug] [MainThread]: Flushing usage events
[0m21:47:02.080639 [debug] [MainThread]: An error was encountered while trying to flush usage events
